<?xml version="1.0" encoding="UTF-8"?>
<!-- Generated by org.testng.reporters.JUnitReportReporter -->
<testsuite skipped="0" hostname="TILLT07050" name="MakemyTrip.MakeMyTrip.AppTest" tests="1" failures="0" timestamp="17 Jun 2021 19:25:06 GMT" time="0.001" errors="0">
  <testcase name="testApp" time="0.001" classname="MakemyTrip.MakeMyTrip.AppTest"/>
</testsuite> <!-- MakemyTrip.MakeMyTrip.AppTest -->
