<?xml version="1.0" encoding="UTF-8"?>
<!-- Generated by org.testng.reporters.JUnitReportReporter -->
<testsuite hostname="TILLT07050" name="Testcases.Home_Page_dates_flightsTest" tests="1" failures="0" timestamp="25 Jun 2021 11:28:20 GMT" time="13.410" errors="0">
  <testcase name="Home_Page_dates_flights" time="13.410" classname="Testcases.Home_Page_dates_flightsTest"/>
</testsuite> <!-- Testcases.Home_Page_dates_flightsTest -->
