<?xml version="1.0" encoding="UTF-8"?>
<!-- Generated by org.testng.reporters.JUnitReportReporter -->
<testsuite hostname="TILLT07050" name="Testcases.ActivitiesTest" tests="1" failures="0" timestamp="23 Aug 2021 18:47:54 GMT" time="31.911" errors="0">
  <testcase name="searchdestinationTest" time="31.911" classname="Testcases.ActivitiesTest"/>
</testsuite> <!-- Testcases.ActivitiesTest -->
