<?xml version="1.0" encoding="UTF-8"?>
<!-- Generated by org.testng.reporters.JUnitReportReporter -->
<testsuite hostname="TILLT07050" name="Testcases.CityWiseActivityTest" tests="1" failures="0" timestamp="24 Aug 2021 14:41:38 GMT" time="23.441" errors="0">
  <testcase name="changecitytointernationalTest" time="23.441" classname="Testcases.CityWiseActivityTest"/>
</testsuite> <!-- Testcases.CityWiseActivityTest -->
